c:\users\andre\desktop\projetopoo2017\poo\poo\release\vc141.pdb
c:\users\andre\desktop\projetopoo2017\poo\poo\release\.netframework,version=v4.6.1.assemblyattributes.obj
c:\users\andre\desktop\projetopoo2017\poo\poo\release\.netframework,version=v4.6.1.assemblyattributes.asm
c:\users\andre\desktop\projetopoo2017\poo\poo\release\sessao.obj
c:\users\andre\desktop\projetopoo2017\poo\poo\release\sala.obj
c:\users\andre\desktop\projetopoo2017\poo\poo\release\poltrona.obj
c:\users\andre\desktop\projetopoo2017\poo\poo\release\ingresso.obj
c:\users\andre\desktop\projetopoo2017\poo\poo\release\funcionario.obj
c:\users\andre\desktop\projetopoo2017\poo\poo\release\filme.obj
c:\users\andre\desktop\projetopoo2017\poo\poo\release\datetimecontrol.obj
c:\users\andre\desktop\projetopoo2017\poo\poo\release\coordenada.obj
c:\users\andre\desktop\projetopoo2017\poo\poo\release\myform.obj
c:\users\andre\desktop\projetopoo2017\poo\poo\release\poo.myform.resources
c:\users\andre\desktop\projetopoo2017\poo\poo\release\poo.res
c:\users\andre\desktop\projetopoo2017\poo\poo\release\poo.vcxproj.generateresource.cache
c:\users\andre\desktop\projetopoo2017\poo\poo\release\poo.vcxprojresolveassemblyreference.cache
c:\users\andre\desktop\projetopoo2017\poo\poo\release\controller.obj
c:\users\andre\desktop\projetopoo2017\poo\poo\release\vc140.pdb
c:\users\andre\desktop\projetopoo2017\poo\poo\release\poo.tlog\cl.command.1.tlog
c:\users\andre\desktop\projetopoo2017\poo\poo\release\poo.tlog\cl.read.1.tlog
c:\users\andre\desktop\projetopoo2017\poo\poo\release\poo.tlog\cl.write.1.tlog
c:\users\andre\desktop\projetopoo2017\poo\poo\release\poo.tlog\link.command.1.tlog
c:\users\andre\desktop\projetopoo2017\poo\poo\release\poo.tlog\link.read.1.tlog
c:\users\andre\desktop\projetopoo2017\poo\poo\release\poo.tlog\link.write.1.tlog
c:\users\andre\desktop\projetopoo2017\poo\poo\release\poo.tlog\metagen.read.1.tlog
c:\users\andre\desktop\projetopoo2017\poo\poo\release\poo.tlog\metagen.write.1.tlog
c:\users\andre\desktop\projetopoo2017\poo\poo\release\poo.tlog\poo.write.1u.tlog
c:\users\andre\desktop\projetopoo2017\poo\poo\release\poo.tlog\rc.command.1.tlog
c:\users\andre\desktop\projetopoo2017\poo\poo\release\poo.tlog\rc.read.1.tlog
c:\users\andre\desktop\projetopoo2017\poo\poo\release\poo.tlog\rc.write.1.tlog
c:\users\andre\desktop\projetopoo2017\poo\poo\release\poo.tlog\tzres.dll.bi
