  DateTimeControl.cpp
  MyForm.cpp
c:\users\andre\desktop\projetopoo2017\poo\poo\Ingresso.h(126): warning C4129: 'P': unrecognized character escape sequence
c:\users\andre\desktop\projetopoo2017\poo\poo\Controller.h(129): error C3867: 'Funcionario::getLogin': non-standard syntax; use '&' to create a pointer to member
c:\users\andre\desktop\projetopoo2017\poo\poo\Funcionario.h(5): error C2011: 'Funcionario': 'class' type redefinition
  c:\users\andre\desktop\projetopoo2017\poo\poo\Funcionario.h(5): note: see declaration of 'Funcionario'
c:\users\andre\desktop\projetopoo2017\poo\poo\Funcionario.h(60): error C2079: 'e1' uses undefined class 'Funcionario'
c:\users\andre\desktop\projetopoo2017\poo\poo\Funcionario.h(60): error C2371: 'e1': redefinition; different basic types
  c:\users\andre\desktop\projetopoo2017\poo\poo\Funcionario.h(60): note: see declaration of 'e1'
c:\users\andre\desktop\projetopoo2017\poo\poo\Funcionario.h(64): error C2084: function 'int main(void)' already has a body
  c:\users\andre\desktop\projetopoo2017\poo\poo\Funcionario.h(64): note: see previous definition of 'main'
c:\users\andre\desktop\projetopoo2017\poo\poo\Funcionario.h(69): error C2027: use of undefined type 'Funcionario'
  c:\users\andre\desktop\projetopoo2017\poo\poo\Funcionario.h(5): note: see declaration of 'Funcionario'
c:\users\andre\desktop\projetopoo2017\poo\poo\Funcionario.h(69): error C2228: left of '.setNome' must have class/struct/union
c:\users\andre\desktop\projetopoo2017\poo\poo\Funcionario.h(73): error C2027: use of undefined type 'Funcionario'
  c:\users\andre\desktop\projetopoo2017\poo\poo\Funcionario.h(5): note: see declaration of 'Funcionario'
c:\users\andre\desktop\projetopoo2017\poo\poo\Funcionario.h(73): error C2228: left of '.setSobrenome' must have class/struct/union
c:\users\andre\desktop\projetopoo2017\poo\poo\Funcionario.h(77): error C2027: use of undefined type 'Funcionario'
  c:\users\andre\desktop\projetopoo2017\poo\poo\Funcionario.h(5): note: see declaration of 'Funcionario'
c:\users\andre\desktop\projetopoo2017\poo\poo\Funcionario.h(77): error C2228: left of '.setLogin' must have class/struct/union
c:\users\andre\desktop\projetopoo2017\poo\poo\Funcionario.h(81): error C2027: use of undefined type 'Funcionario'
  c:\users\andre\desktop\projetopoo2017\poo\poo\Funcionario.h(5): note: see declaration of 'Funcionario'
c:\users\andre\desktop\projetopoo2017\poo\poo\Funcionario.h(81): error C2228: left of '.setSenha' must have class/struct/union
c:\users\andre\desktop\projetopoo2017\poo\poo\Funcionario.h(86): error C2027: use of undefined type 'Funcionario'
  c:\users\andre\desktop\projetopoo2017\poo\poo\Funcionario.h(5): note: see declaration of 'Funcionario'
c:\users\andre\desktop\projetopoo2017\poo\poo\Funcionario.h(86): error C2228: left of '.setCargo' must have class/struct/union
c:\users\andre\desktop\projetopoo2017\poo\poo\Funcionario.h(96): error C2084: function 'std::string gets(void)' already has a body
  c:\users\andre\desktop\projetopoo2017\poo\poo\Funcionario.h(96): note: see previous definition of 'gets'
c:\users\andre\desktop\projetopoo2017\poo\poo\Funcionario.h(102): error C2084: function 'void print(void)' already has a body
  c:\users\andre\desktop\projetopoo2017\poo\poo\Funcionario.h(102): note: see previous definition of 'print'
c:\users\andre\desktop\projetopoo2017\poo\poo\Funcionario.h(104): error C2027: use of undefined type 'Funcionario'
  c:\users\andre\desktop\projetopoo2017\poo\poo\Funcionario.h(5): note: see declaration of 'Funcionario'
c:\users\andre\desktop\projetopoo2017\poo\poo\Funcionario.h(104): error C2228: left of '.getNome' must have class/struct/union
c:\users\andre\desktop\projetopoo2017\poo\poo\Funcionario.h(105): error C2027: use of undefined type 'Funcionario'
  c:\users\andre\desktop\projetopoo2017\poo\poo\Funcionario.h(5): note: see declaration of 'Funcionario'
c:\users\andre\desktop\projetopoo2017\poo\poo\Funcionario.h(105): error C2228: left of '.getSobrenome' must have class/struct/union
c:\users\andre\desktop\projetopoo2017\poo\poo\Funcionario.h(106): error C2027: use of undefined type 'Funcionario'
  c:\users\andre\desktop\projetopoo2017\poo\poo\Funcionario.h(5): note: see declaration of 'Funcionario'
c:\users\andre\desktop\projetopoo2017\poo\poo\Funcionario.h(106): error C2228: left of '.getLogin' must have class/struct/union
c:\users\andre\desktop\projetopoo2017\poo\poo\Funcionario.h(107): error C2027: use of undefined type 'Funcionario'
  c:\users\andre\desktop\projetopoo2017\poo\poo\Funcionario.h(5): note: see declaration of 'Funcionario'
c:\users\andre\desktop\projetopoo2017\poo\poo\Funcionario.h(107): error C2228: left of '.getSenha' must have class/struct/union
c:\users\andre\desktop\projetopoo2017\poo\poo\Funcionario.h(108): error C2027: use of undefined type 'Funcionario'
  c:\users\andre\desktop\projetopoo2017\poo\poo\Funcionario.h(5): note: see declaration of 'Funcionario'
c:\users\andre\desktop\projetopoo2017\poo\poo\Funcionario.h(108): error C2228: left of '.getCargo' must have class/struct/union
c:\users\andre\desktop\projetopoo2017\poo\poo\Ingresso.h(5): error C2011: 'Ingresso': 'class' type redefinition
  c:\users\andre\desktop\projetopoo2017\poo\poo\Ingresso.h(5): note: see declaration of 'Ingresso'
c:\users\andre\desktop\projetopoo2017\poo\poo\Ingresso.h(26): error C2027: use of undefined type 'Ingresso'
  c:\users\andre\desktop\projetopoo2017\poo\poo\Ingresso.h(5): note: see declaration of 'Ingresso'
c:\users\andre\desktop\projetopoo2017\poo\poo\Ingresso.h(35): error C2065: 'preco': undeclared identifier
c:\users\andre\desktop\projetopoo2017\poo\poo\Ingresso.h(38): error C2065: 'preco': undeclared identifier
c:\users\andre\desktop\projetopoo2017\poo\poo\Ingresso.h(44): error C2027: use of undefined type 'Ingresso'
  c:\users\andre\desktop\projetopoo2017\poo\poo\Ingresso.h(5): note: see declaration of 'Ingresso'
c:\users\andre\desktop\projetopoo2017\poo\poo\Ingresso.h(57): error C2065: 'dinheiro': undeclared identifier
c:\users\andre\desktop\projetopoo2017\poo\poo\Ingresso.h(58): error C2065: 'dinheiro': undeclared identifier
c:\users\andre\desktop\projetopoo2017\poo\poo\Ingresso.h(58): error C2065: 'preco': undeclared identifier
c:\users\andre\desktop\projetopoo2017\poo\poo\Ingresso.h(63): error C2065: 'troco': undeclared identifier
c:\users\andre\desktop\projetopoo2017\poo\poo\Ingresso.h(63): error C2065: 'dinheiro': undeclared identifier
c:\users\andre\desktop\projetopoo2017\poo\poo\Ingresso.h(63): error C2065: 'preco': undeclared identifier
c:\users\andre\desktop\projetopoo2017\poo\poo\Ingresso.h(64): error C2065: 'troco': undeclared identifier
c:\users\andre\desktop\projetopoo2017\poo\poo\Ingresso.h(71): error C2065: 'preco': undeclared identifier
c:\users\andre\desktop\projetopoo2017\poo\poo\Ingresso.h(79): error C2027: use of undefined type 'Ingresso'
  c:\users\andre\desktop\projetopoo2017\poo\poo\Ingresso.h(5): note: see declaration of 'Ingresso'
c:\users\andre\desktop\projetopoo2017\poo\poo\Ingresso.h(88): error C2065: 'preco': undeclared identifier
c:\users\andre\desktop\projetopoo2017\poo\poo\Ingresso.h(91): error C2065: 'preco': undeclared identifier
c:\users\andre\desktop\projetopoo2017\poo\poo\Ingresso.h(96): error C2027: use of undefined type 'Ingresso'
  c:\users\andre\desktop\projetopoo2017\poo\poo\Ingresso.h(5): note: see declaration of 'Ingresso'
c:\users\andre\desktop\projetopoo2017\poo\poo\Ingresso.h(98): error C2065: 'preco': undeclared identifier
c:\users\andre\desktop\projetopoo2017\poo\poo\Ingresso.h(101): error C2027: use of undefined type 'Ingresso'
  c:\users\andre\desktop\projetopoo2017\poo\poo\Ingresso.h(5): note: see declaration of 'Ingresso'
c:\users\andre\desktop\projetopoo2017\poo\poo\Ingresso.h(106): error C2027: use of undefined type 'Ingresso'
  c:\users\andre\desktop\projetopoo2017\poo\poo\Ingresso.h(5): note: see declaration of 'Ingresso'
c:\users\andre\desktop\projetopoo2017\poo\poo\Ingresso.h(111): error C2027: use of undefined type 'Ingresso'
  c:\users\andre\desktop\projetopoo2017\poo\poo\Ingresso.h(5): note: see declaration of 'Ingresso'
c:\users\andre\desktop\projetopoo2017\poo\poo\Ingresso.h(126): warning C4129: 'P': unrecognized character escape sequence
c:\users\andre\desktop\projetopoo2017\poo\poo\MyForm.h(37): error C2079: 'adm' uses undefined class 'Funcionario'
c:\users\andre\desktop\projetopoo2017\poo\poo\MyForm.h(38): error C2039: 'setLogin': is not a member of 'System::Int32'
c:\users\andre\desktop\projetopoo2017\poo\poo\MyForm.h(39): error C2039: 'setSenha': is not a member of 'System::Int32'
c:\users\andre\desktop\projetopoo2017\poo\poo\MyForm.h(41): error C2664: 'bool Controller::addEmployee(Funcionario,int)': cannot convert argument 1 from 'int' to 'Funcionario'
  c:\users\andre\desktop\projetopoo2017\poo\poo\MyForm.h(41): note: use of undefined type 'Funcionario'
  c:\users\andre\desktop\projetopoo2017\poo\poo\Funcionario.h(5): note: see declaration of 'Funcionario'
MyForm.cpp(6): error C2976: 'std::array': too few template arguments
  C:\Program Files (x86)\Microsoft Visual Studio\2017\Community\VC\Tools\MSVC\14.10.25017\include\utility(380): note: see declaration of 'std::array'
MyForm.cpp(6): error C3699: '^': cannot use this indirection on type 'std::array'
  MyForm.cpp(6): note: compiler replacing '^' with '*' to continue parsing
MyForm.cpp(6): error C2731: 'main': function cannot be overloaded
  MyForm.cpp(6): note: see declaration of 'main'
  Generating Code...
